Using pre-set license
Built from '2020.3/release' branch; Version is '2020.3.1f1 (77a89f25062f) revision 7841951'; Using compiler version '192528614'; Build Type 'Release'
OS: 'Windows 10 Home; OS build 18363.1440; Version 1909; 64bit' Language: 'en' Physical Memory: 8126 MB
BatchMode: 1, IsHumanControllingUs: 0, StartBugReporterOnCrash: 0, Is64bit: 1, IsPro: 0

 COMMAND LINE ARGUMENTS:
D:\Program Files\2020.3.1f1\Editor\Unity.exe
-adb2
-batchMode
-noUpm
-name
AssetImportWorker0
-projectPath
D:/UnityProjects/Kazu/Roblox Unity
-logFile
Logs/AssetImportWorker0.log
-srvPort
54670
Successfully changed project path to: D:/UnityProjects/Kazu/Roblox Unity
D:/UnityProjects/Kazu/Roblox Unity
Using Asset Import Pipeline V2.
Refreshing native plugins compatible for Editor in 48.06 ms, found 0 plugins.
Preloading 0 native plugins for Editor in 0.00 ms.
Initialize engine version: 2020.3.1f1 (77a89f25062f)
[Subsystems] Discovering subsystems at path D:/Program Files/2020.3.1f1/Editor/Data/Resources/UnitySubsystems
[Subsystems] Discovering subsystems at path D:/UnityProjects/Kazu/Roblox Unity/Assets
GfxDevice: creating device client; threaded=0
Direct3D:
    Version:  Direct3D 11.0 [level 11.1]
    Renderer: NVIDIA GeForce GTX 1050 (ID=0x1c81)
    Vendor:   
    VRAM:     1977 MB
    Driver:   27.21.14.6089
Initialize mono
Mono path[0] = 'D:/Program Files/2020.3.1f1/Editor/Data/Managed'
Mono path[1] = 'D:/Program Files/2020.3.1f1/Editor/Data/MonoBleedingEdge/lib/mono/unityjit'
Mono config path = 'D:/Program Files/2020.3.1f1/Editor/Data/MonoBleedingEdge/etc'
Using monoOptions --debugger-agent=transport=dt_socket,embedding=1,server=y,suspend=n,address=127.0.0.1:56788
Begin MonoManager ReloadAssembly
Registering precompiled unity dll's ...
Register platform support module: D:/Program Files/2020.3.1f1/Editor/Data/PlaybackEngines/WindowsStandaloneSupport/UnityEditor.WindowsStandalone.Extensions.dll
Registered in 0.001227 seconds.
Native extension for WindowsStandalone target not found
Refreshing native plugins compatible for Editor in 33.96 ms, found 0 plugins.
Preloading 0 native plugins for Editor in 0.00 ms.
Invoked RoslynAnalysisRunner static constructor.
RoslynAnalysisRunner will not be running.
RoslynAnalysisRunner has terminated.
Mono: successfully reloaded assembly
- Completed reload, in  1.082 seconds
Platform modules already initialized, skipping
Registering precompiled user dll's ...
Registered in 0.000636 seconds.
Begin MonoManager ReloadAssembly
Native extension for WindowsStandalone target not found
Refreshing native plugins compatible for Editor in 0.29 ms, found 0 plugins.
Preloading 0 native plugins for Editor in 0.00 ms.
Invoked RoslynAnalysisRunner static constructor.
RoslynAnalysisRunner will not be running.
RoslynAnalysisRunner has terminated.
Mono: successfully reloaded assembly
- Completed reload, in  1.068 seconds
Platform modules already initialized, skipping
========================================================================
Worker process is ready to serve import requests
Launched and connected shader compiler UnityShaderCompiler.exe after 0.14 seconds
Refreshing native plugins compatible for Editor in 0.28 ms, found 0 plugins.
Preloading 0 native plugins for Editor in 0.00 ms.
Unloading 1390 Unused Serialized files (Serialized files now loaded: 0)
System memory in use before: 72.4 MB.
System memory in use after: 72.4 MB.

Unloading 11 unused Assets to reduce memory usage. Loaded Objects now: 1850.
Total: 2.258000 ms (FindLiveObjects: 0.210300 ms CreateObjectMapping: 0.132400 ms MarkObjects: 1.827100 ms  DeleteObjects: 0.087300 ms)

========================================================================
Received Import Request.
  path: Assets/Images/blueguy.png
  artifactKey: Guid(00a57d667f860544dbb2b64a6ecf91ad) Importer(815301076,1909f56bfc062723c751e8b465ee728b)
Start importing Assets/Images/blueguy.png using Guid(00a57d667f860544dbb2b64a6ecf91ad) Importer(815301076,1909f56bfc062723c751e8b465ee728b)  -> (artifact id: '598cffd54a9f680a23dacf0e8ae3ff00') in 0.188398 seconds
  Import took 0.224137 seconds .

========================================================================
Received Import Request.
  Time since last request: 6.700383 seconds.
  path: Assets/Images/blueguy.png
  artifactKey: Guid(00a57d667f860544dbb2b64a6ecf91ad) Importer(815301076,1909f56bfc062723c751e8b465ee728b)
Start importing Assets/Images/blueguy.png using Guid(00a57d667f860544dbb2b64a6ecf91ad) Importer(815301076,1909f56bfc062723c751e8b465ee728b)  -> (artifact id: '254c1fa4a0bd1cf601f020a8f12d81b6') in 0.018867 seconds
  Import took 0.034897 seconds .

========================================================================
Received Import Request.
  Time since last request: 7.414036 seconds.
  path: Assets/Materials/Blueguy.mat
  artifactKey: Guid(146bb708e8e9309419b122446a3bcbce) Importer(815301076,1909f56bfc062723c751e8b465ee728b)
Start importing Assets/Materials/Blueguy.mat using Guid(146bb708e8e9309419b122446a3bcbce) Importer(815301076,1909f56bfc062723c751e8b465ee728b)  -> (artifact id: '76f1b1397640fc50cf135eeb9400583d') in 0.148029 seconds
  Import took 0.163729 seconds .

========================================================================
Received Import Request.
  Time since last request: 6.344511 seconds.
  path: Assets/Materials/Blueguy.mat
  artifactKey: Guid(146bb708e8e9309419b122446a3bcbce) Importer(815301076,1909f56bfc062723c751e8b465ee728b)
Start importing Assets/Materials/Blueguy.mat using Guid(146bb708e8e9309419b122446a3bcbce) Importer(815301076,1909f56bfc062723c751e8b465ee728b)  -> (artifact id: 'c15a0e2bdc0e0551cfd3484b5b742301') in 0.016971 seconds
  Import took 0.033089 seconds .

========================================================================
Received Prepare
Registering precompiled user dll's ...
Registered in 0.000632 seconds.
Begin MonoManager ReloadAssembly
Native extension for WindowsStandalone target not found
Refreshing native plugins compatible for Editor in 0.28 ms, found 0 plugins.
Preloading 0 native plugins for Editor in 0.00 ms.
Invoked RoslynAnalysisRunner static constructor.
RoslynAnalysisRunner will not be running.
RoslynAnalysisRunner has terminated.
Mono: successfully reloaded assembly
- Completed reload, in  1.104 seconds
Platform modules already initialized, skipping
Refreshing native plugins compatible for Editor in 0.92 ms, found 0 plugins.
Preloading 0 native plugins for Editor in 0.00 ms.
Unloading 1358 Unused Serialized files (Serialized files now loaded: 0)
System memory in use before: 73.6 MB.
System memory in use after: 73.7 MB.

Unloading 6 unused Assets to reduce memory usage. Loaded Objects now: 1895.
Total: 2.252300 ms (FindLiveObjects: 0.186100 ms CreateObjectMapping: 0.050300 ms MarkObjects: 1.941300 ms  DeleteObjects: 0.073100 ms)

========================================================================
Received Prepare
Registering precompiled user dll's ...
Registered in 0.000621 seconds.
Begin MonoManager ReloadAssembly
Native extension for WindowsStandalone target not found
Refreshing native plugins compatible for Editor in 0.52 ms, found 0 plugins.
Preloading 0 native plugins for Editor in 0.00 ms.
Invoked RoslynAnalysisRunner static constructor.
RoslynAnalysisRunner will not be running.
RoslynAnalysisRunner has terminated.
Mono: successfully reloaded assembly
- Completed reload, in  1.117 seconds
Platform modules already initialized, skipping
Refreshing native plugins compatible for Editor in 0.50 ms, found 0 plugins.
Preloading 0 native plugins for Editor in 0.00 ms.
Unloading 1357 Unused Serialized files (Serialized files now loaded: 0)
System memory in use before: 73.6 MB.
System memory in use after: 73.7 MB.

Unloading 6 unused Assets to reduce memory usage. Loaded Objects now: 1898.
Total: 27.859500 ms (FindLiveObjects: 0.699700 ms CreateObjectMapping: 0.138300 ms MarkObjects: 26.950300 ms  DeleteObjects: 0.069400 ms)

AssetImportWorkerClient::OnTransportError - code=2 error=End of file
